*** Using Compiler 'V5.06 update 7 (build 960)', folder: 'D:\Keil_v5\MDK\ARM\ARMCC\Bin'
Rebuild target 'Target 1'
assembling startup_gd32f10x_md.s...
compiling system_gd32f10x.c...
compiling gd32f10x_crc.c...
compiling gd32f10x_exmc.c...
compiling gd32f10x_fwdgt.c...
compiling gd32f10x_adc.c...
compiling gd32f10x_bkp.c...
compiling gd32f10x_gpio.c...
compiling gd32f10x_enet.c...
compiling gd32f10x_dma.c...
compiling gd32f10x_dbg.c...
compiling gd32f10x_exti.c...
compiling gd32f10x_dac.c...
compiling gd32f10x_fmc.c...
compiling gd32f10x_i2c.c...
compiling gd32f10x_can.c...
compiling gd32f10x_misc.c...
compiling gd32f10x_pmu.c...
compiling gd32f10x_rtc.c...
compiling gd32f10x_rcu.c...
compiling gd32f10x_spi.c...
compiling gd32f10x_sdio.c...
compiling gd32f10x_it.c...
compiling gd32f10x_wwdgt.c...
compiling systick.c...
compiling gd32f10x_usart.c...
compiling gd32f10x_timer.c...
compiling main.c...
compiling key_driver.c...
compiling led_driver.c...
compiling oled_driver.c...
compiling tim_driver.c...
compiling enc_driver.c...
compiling uart_driver.c...
compiling pwm_driver.c...
compiling Photoelectric.c...
compiling hcsr04_driver.c...
linking...
Program Size: Code=5142 RO-data=2366 RW-data=40 ZI-data=1056  
FromELF: creating hex file...
".\Objects\GD32_HCSR04.axf" - 0 Error(s), 0 Warning(s).
Build Time Elapsed:  00:00:03
